[2025-10-17 23:35:36,596: INFO: tempCodeRunnerFile: Welcome to our custom logging]
[2025-10-18 12:28:48,398: INFO: tempCodeRunnerFile: Welcome to our custom logging]
[2025-10-18 22:46:22,813: INFO: common: yaml file : config\config.yaml loaded successfully]
[2025-10-18 22:46:22,816: INFO: common: yaml file : params.yaml loaded successfully]
[2025-10-18 22:47:57,341: INFO: common: yaml file : config\config.yaml loaded successfully]
[2025-10-18 22:47:57,354: INFO: common: yaml file : params.yaml loaded successfully]
[2025-10-18 22:47:57,359: INFO: common: yaml file : schema.yaml loaded successfully]
[2025-10-18 22:47:57,361: INFO: common: created directory at : artifacts]
[2025-10-18 22:47:57,362: INFO: common: created directory at : artifacts/data_ingestion]
[2025-10-18 22:47:59,237: INFO: 1837416485: artifacts/data_ingestion/data.zip download! with following info : 
Connection: close
Content-Length: 23329
Cache-Control: max-age=300
Content-Security-Policy: default-src 'none'; style-src 'unsafe-inline'; sandbox
Content-Type: application/zip
ETag: "c69888a4ae59bc5a893392785a938ccd4937981c06ba8a9d6a21aa52b4ab5b6e"
Strict-Transport-Security: max-age=31536000
X-Content-Type-Options: nosniff
X-Frame-Options: deny
X-XSS-Protection: 1; mode=block
X-GitHub-Request-Id: CA7E:3823B1:1858D0:349363:68F3CBC8
Accept-Ranges: bytes
Date: Sat, 18 Oct 2025 17:18:02 GMT
Via: 1.1 varnish
X-Served-By: cache-del21727-DEL
X-Cache: MISS
X-Cache-Hits: 0
X-Timer: S1760807882.648518,VS0,VE356
Vary: Authorization,Accept-Encoding
Access-Control-Allow-Origin: *
Cross-Origin-Resource-Policy: cross-origin
X-Fastly-Request-ID: d578ba3f41133c159841239a923cc81ecd66a0f8
Expires: Sat, 18 Oct 2025 17:23:02 GMT
Source-Age: 0

]
[2025-10-19 10:00:47,402: INFO: main: >>> stage Data Ingestion Stage started <<<]
[2025-10-19 10:00:47,418: INFO: common: yaml file : config\config.yaml loaded successfully]
[2025-10-19 10:00:47,434: INFO: common: yaml file : params.yaml loaded successfully]
[2025-10-19 10:00:47,436: INFO: common: yaml file : schema.yaml loaded successfully]
[2025-10-19 10:00:47,437: INFO: common: created directory at : artifacts]
[2025-10-19 10:00:47,438: INFO: common: created directory at : artifacts/data_ingestion]
[2025-10-19 10:00:48,958: INFO: data_ingestion: artifacts/data_ingestion/data.zip download! with following info : 
Connection: close
Content-Length: 23329
Cache-Control: max-age=300
Content-Security-Policy: default-src 'none'; style-src 'unsafe-inline'; sandbox
Content-Type: application/zip
ETag: "c69888a4ae59bc5a893392785a938ccd4937981c06ba8a9d6a21aa52b4ab5b6e"
Strict-Transport-Security: max-age=31536000
X-Content-Type-Options: nosniff
X-Frame-Options: deny
X-XSS-Protection: 1; mode=block
X-GitHub-Request-Id: 9174:18DE04:21B9CE:4E4A0B:68F46979
Accept-Ranges: bytes
Date: Sun, 19 Oct 2025 04:30:51 GMT
Via: 1.1 varnish
X-Served-By: cache-del21746-DEL
X-Cache: MISS
X-Cache-Hits: 0
X-Timer: S1760848251.282379,VS0,VE367
Vary: Authorization,Accept-Encoding
Access-Control-Allow-Origin: *
Cross-Origin-Resource-Policy: cross-origin
X-Fastly-Request-ID: c1088b197b3492b66b09862345ea71865c7fbade
Expires: Sun, 19 Oct 2025 04:35:51 GMT
Source-Age: 0

]
[2025-10-19 10:00:48,979: INFO: main: >>> stage Data Ingestion Stage completed <<<]
